[debug] [2020-03-20T05:11:18.906Z] ----------------------------------------------------------------------
[debug] [2020-03-20T05:11:18.908Z] Command:       /home/vikasjoshis001/Documents/Web/Web/bin/node /home/vikasjoshis001/Documents/Web/Web/bin/firebase init
[debug] [2020-03-20T05:11:18.908Z] CLI Version:   7.15.1
[debug] [2020-03-20T05:11:18.908Z] Platform:      linux
[debug] [2020-03-20T05:11:18.908Z] Node Version:  v13.11.0
[debug] [2020-03-20T05:11:18.909Z] Time:          Fri Mar 20 2020 10:41:18 GMT+0530 (India Standard Time)
[debug] [2020-03-20T05:11:18.909Z] ----------------------------------------------------------------------
[debug] [2020-03-20T05:11:18.909Z] 
[debug] [2020-03-20T05:11:18.913Z] > command requires scopes: ["email","openid","https://www.googleapis.com/auth/cloudplatformprojects.readonly","https://www.googleapis.com/auth/firebase","https://www.googleapis.com/auth/cloud-platform"]
[debug] [2020-03-20T05:11:18.913Z] > authorizing via signed-in user
[info] 
     ######## #### ########  ######## ########     ###     ######  ########
     ##        ##  ##     ## ##       ##     ##  ##   ##  ##       ##
     ######    ##  ########  ######   ########  #########  ######  ######
     ##        ##  ##    ##  ##       ##     ## ##     ##       ## ##
     ##       #### ##     ## ######## ########  ##     ##  ######  ########

You're about to initialize a Firebase project in this directory:

  /home/vikasjoshis001/Desktop/Stube/Stube/Stube

[info] 
=== Project Setup
[info] 
[info] First, let's associate this project directory with a Firebase project.
[info] You can create multiple project aliases by running firebase use --add, 
[info] but for now we'll just set up a default project.
[info] 
[debug] [2020-03-20T06:04:51.499Z] > refreshing access token with scopes: ["email","https://www.googleapis.com/auth/cloud-platform","https://www.googleapis.com/auth/cloudplatformprojects.readonly","https://www.googleapis.com/auth/firebase","openid"]
[debug] [2020-03-20T06:04:51.500Z] >>> HTTP REQUEST POST https://www.googleapis.com/oauth2/v3/token  
 <request body omitted>
[debug] [2020-03-20T06:04:51.536Z] Authentication Error: Your credentials are no longer valid. Please run firebase login --reauth

For CI servers and headless environments, generate a new token with firebase login:ci
[debug] [2020-03-20T06:04:51.542Z] FirebaseError: Authentication Error: Your credentials are no longer valid. Please run firebase login --reauth

For CI servers and headless environments, generate a new token with firebase login:ci
    at Object.<anonymous> (/home/vikasjoshis001/Documents/Web/Web/lib/node_modules/firebase-tools/lib/auth.js:23:32)
    at Module._compile (internal/modules/cjs/loader.js:1147:30)
    at Object.Module._extensions..js (internal/modules/cjs/loader.js:1167:10)
    at Module.load (internal/modules/cjs/loader.js:996:32)
    at Function.Module._load (internal/modules/cjs/loader.js:896:14)
    at Module.require (internal/modules/cjs/loader.js:1036:19)
    at require (internal/modules/cjs/helpers.js:72:18)
    at Object.<anonymous> (/home/vikasjoshis001/Documents/Web/Web/lib/node_modules/firebase-tools/lib/commands/login.js:8:12)
    at Module._compile (internal/modules/cjs/loader.js:1147:30)
    at Object.Module._extensions..js (internal/modules/cjs/loader.js:1167:10)
    at Module.load (internal/modules/cjs/loader.js:996:32)
    at Function.Module._load (internal/modules/cjs/loader.js:896:14)
    at Module.require (internal/modules/cjs/loader.js:1036:19)
    at require (internal/modules/cjs/helpers.js:72:18)
    at loadCommand (/home/vikasjoshis001/Documents/Web/Web/lib/node_modules/firebase-tools/lib/commands/index.js:5:19)
    at module.exports (/home/vikasjoshis001/Documents/Web/Web/lib/node_modules/firebase-tools/lib/commands/index.js:85:20)
[error] 
[error] Error: Failed to list Firebase projects. See firebase-debug.log for more info.
